<?xml version="1.0" encoding="UTF-8"?>
<testsuite xmlns:xsi="http://www.w3.org/2001/XMLSchema-instance" xsi:noNamespaceSchemaLocation="https://maven.apache.org/surefire/maven-surefire-plugin/xsd/surefire-test-report-3.0.xsd" version="3.0" name="site.easy.to.build.crm.CrmApplicationTests" time="14.462" tests="1" errors="0" skipped="0" failures="0">
  <properties>
[...]
</properties>
  <testcase name="contextLoads" classname="site.easy.to.build.crm.CrmApplicationTests" time="0.615">
    <system-out><![CDATA[12:17:52.732 [main] INFO org.springframework.test.context.support.AnnotationConfigContextLoaderUtils -- Could not detect default configuration classes for test class [site.easy.to.build.crm.CrmApplicationTests]: CrmApplicationTests does not declare any static, non-private, non-final, nested classes annotated with @Configuration.
12:17:52.933 [main] INFO org.springframework.boot.test.context.SpringBootTestContextBootstrapper -- Found @SpringBootConfiguration site.easy.to.build.crm.CrmApplication for test class site.easy.to.build.crm.CrmApplicationTests

  .   ____          _            __ _ _
 /\\ / ___'_ __ _ _(_)_ __  __ _ \ \ \ \
( ( )\___ | '_ | '_| | '_ \/ _` | \ \ \ \
 \\/  ___)| |_)| | | | | || (_| |  ) ) ) )
  '  |____| .__|_| |_|_| |_\__, | / / / /
 =========|_|==============|___/=/_/_/_/
 :: Spring Boot ::                (v3.1.0)

2024-07-10T12:17:57.615+05:30  INFO 4360 --- [           main] s.easy.to.build.crm.CrmApplicationTests  : Starting CrmApplicationTests using Java 17.0.10 with PID 4360 (started by dell in G:\crm)
2024-07-10T12:17:57.615+05:30  INFO 4360 --- [           main] s.easy.to.build.crm.CrmApplicationTests  : No active profile set, falling back to 1 default profile: "default"
2024-07-10T12:17:58.752+05:30  INFO 4360 --- [           main] .s.d.r.c.RepositoryConfigurationDelegate : Bootstrapping Spring Data JPA repositories in DEFAULT mode.
2024-07-10T12:17:58.937+05:30  INFO 4360 --- [           main] .s.d.r.c.RepositoryConfigurationDelegate : Finished Spring Data repository scanning in 180 ms. Found 16 JPA repository interfaces.
2024-07-10T12:17:59.533+05:30  INFO 4360 --- [           main] com.zaxxer.hikari.HikariDataSource       : HikariPool-1 - Starting...
2024-07-10T12:18:00.182+05:30  INFO 4360 --- [           main] com.zaxxer.hikari.pool.HikariPool        : HikariPool-1 - Added connection com.mysql.cj.jdbc.ConnectionImpl@36478bce
2024-07-10T12:18:00.198+05:30  INFO 4360 --- [           main] com.zaxxer.hikari.HikariDataSource       : HikariPool-1 - Start completed.
2024-07-10T12:18:01.038+05:30  INFO 4360 --- [           main] o.hibernate.jpa.internal.util.LogHelper  : HHH000204: Processing PersistenceUnitInfo [name: default]
2024-07-10T12:18:01.120+05:30  INFO 4360 --- [           main] org.hibernate.Version                    : HHH000412: Hibernate ORM core version 6.2.2.Final
2024-07-10T12:18:01.120+05:30  INFO 4360 --- [           main] org.hibernate.cfg.Environment            : HHH000406: Using bytecode reflection optimizer
2024-07-10T12:18:01.318+05:30  INFO 4360 --- [           main] o.h.b.i.BytecodeProviderInitiator        : HHH000021: Bytecode provider name : bytebuddy
2024-07-10T12:18:01.503+05:30  INFO 4360 --- [           main] o.s.o.j.p.SpringPersistenceUnitInfo      : No LoadTimeWeaver setup: ignoring JPA class transformer
2024-07-10T12:18:01.617+05:30  INFO 4360 --- [           main] org.hibernate.orm.dialect                : HHH035001: Using dialect: org.hibernate.dialect.MySQLDialect, version: 8.0.36
2024-07-10T12:18:02.062+05:30  INFO 4360 --- [           main] o.h.b.i.BytecodeProviderInitiator        : HHH000021: Bytecode provider name : bytebuddy
2024-07-10T12:18:03.401+05:30  INFO 4360 --- [           main] o.h.e.t.j.p.i.JtaPlatformInitiator       : HHH000490: Using JtaPlatform implementation: [org.hibernate.engine.transaction.jta.platform.internal.NoJtaPlatform]
2024-07-10T12:18:03.401+05:30  INFO 4360 --- [           main] j.LocalContainerEntityManagerFactoryBean : Initialized JPA EntityManagerFactory for persistence unit 'default'
2024-07-10T12:18:05.009+05:30  WARN 4360 --- [           main] JpaBaseConfiguration$JpaWebConfiguration : spring.jpa.open-in-view is enabled by default. Therefore, database queries may be performed during view rendering. Explicitly configure spring.jpa.open-in-view to disable this warning
2024-07-10T12:18:05.242+05:30  INFO 4360 --- [           main] o.s.b.a.w.s.WelcomePageHandlerMapping    : Adding welcome page template: index
2024-07-10T12:18:05.463+05:30  INFO 4360 --- [           main] o.s.s.web.DefaultSecurityFilterChain     : Will secure any request with [org.springframework.security.web.session.DisableEncodeUrlFilter@2806fe58, org.springframework.security.web.context.request.async.WebAsyncManagerIntegrationFilter@755c29b0, org.springframework.security.web.context.SecurityContextHolderFilter@ca31ad7, org.springframework.security.web.header.HeaderWriterFilter@24df4805, org.springframework.security.web.csrf.CsrfFilter@1b68e626, org.springframework.security.web.authentication.logout.LogoutFilter@2acbbee4, org.springframework.security.oauth2.client.web.OAuth2AuthorizationRequestRedirectFilter@86abdbd, org.springframework.security.oauth2.client.web.OAuth2LoginAuthenticationFilter@42e14655, org.springframework.security.web.authentication.UsernamePasswordAuthenticationFilter@5c519da4, org.springframework.security.web.savedrequest.RequestCacheAwareFilter@d65ba64, org.springframework.security.web.servletapi.SecurityContextHolderAwareRequestFilter@1b7648f, org.springframework.security.web.authentication.AnonymousAuthenticationFilter@3dc70aa0, org.springframework.security.web.access.ExceptionTranslationFilter@172f2717, org.springframework.security.web.access.intercept.AuthorizationFilter@834529e]
2024-07-10T12:18:05.463+05:30  INFO 4360 --- [           main] o.s.s.web.DefaultSecurityFilterChain     : Will secure Or [Mvc [pattern='/customer-login/**']] with [org.springframework.security.web.session.DisableEncodeUrlFilter@5ce9c9e8, org.springframework.security.web.context.request.async.WebAsyncManagerIntegrationFilter@249fa2cb, org.springframework.security.web.context.SecurityContextHolderFilter@6e157f48, org.springframework.security.web.header.HeaderWriterFilter@20305c45, org.springframework.security.web.csrf.CsrfFilter@72557e0d, org.springframework.security.web.authentication.logout.LogoutFilter@62604ed4, org.springframework.security.web.authentication.UsernamePasswordAuthenticationFilter@3c1f2651, org.springframework.security.web.savedrequest.RequestCacheAwareFilter@37e9d191, org.springframework.security.web.servletapi.SecurityContextHolderAwareRequestFilter@53a3ccc, org.springframework.security.web.authentication.AnonymousAuthenticationFilter@4c6ebaf2, org.springframework.security.web.access.ExceptionTranslationFilter@14b4caba, org.springframework.security.web.access.intercept.AuthorizationFilter@4f74edbf]
2024-07-10T12:18:06.158+05:30  INFO 4360 --- [           main] s.easy.to.build.crm.CrmApplicationTests  : Started CrmApplicationTests in 13.008 seconds (process running for 14.571)
]]></system-out>
  </testcase>
</testsuite>